  User.cpp
c:\users\alan\desktop\po-projekt\rdy\organizer\organizer\organizer\File_Guardian.hpp(342): warning C4267: 'argument': conversion from 'size_t' to 'int', possible loss of data
User.cpp(48): warning C4267: 'argument': conversion from 'size_t' to 'int', possible loss of data
  main.cpp
c:\users\alan\desktop\po-projekt\rdy\organizer\organizer\organizer\File_Guardian.hpp(342): warning C4267: 'argument': conversion from 'size_t' to 'int', possible loss of data
c:\users\alan\desktop\po-projekt\rdy\organizer\organizer\organizer\Callendar.hpp(205): warning C4477: 'printf' : format string '%2d' requires an argument of type 'int', but variadic argument 2 has type 'size_t'
  c:\users\alan\desktop\po-projekt\rdy\organizer\organizer\organizer\Callendar.hpp(205): note: consider using '%zd' in the format string
c:\users\alan\desktop\po-projekt\rdy\organizer\organizer\organizer\Callendar.hpp(212): warning C4477: 'printf' : format string '%d' requires an argument of type 'int', but variadic argument 1 has type 'size_t'
  c:\users\alan\desktop\po-projekt\rdy\organizer\organizer\organizer\Callendar.hpp(212): note: consider using '%zd' in the format string
c:\users\alan\desktop\po-projekt\rdy\organizer\organizer\organizer\Callendar.hpp(212): warning C4477: 'printf' : format string '%d' requires an argument of type 'int', but variadic argument 2 has type 'size_t'
  c:\users\alan\desktop\po-projekt\rdy\organizer\organizer\organizer\Callendar.hpp(212): note: consider using '%zd' in the format string
c:\users\alan\desktop\po-projekt\rdy\organizer\organizer\organizer\Callendar.hpp(212): warning C4477: 'printf' : format string '%4d' requires an argument of type 'int', but variadic argument 3 has type 'size_t'
  c:\users\alan\desktop\po-projekt\rdy\organizer\organizer\organizer\Callendar.hpp(212): note: consider using '%zd' in the format string
c:\users\alan\desktop\po-projekt\rdy\organizer\organizer\organizer\Callendar.hpp(215): warning C4477: 'printf' : format string '%d' requires an argument of type 'int', but variadic argument 1 has type 'size_t'
  c:\users\alan\desktop\po-projekt\rdy\organizer\organizer\organizer\Callendar.hpp(215): note: consider using '%zd' in the format string
c:\users\alan\desktop\po-projekt\rdy\organizer\organizer\organizer\Callendar.hpp(215): warning C4477: 'printf' : format string '%d' requires an argument of type 'int', but variadic argument 2 has type 'size_t'
  c:\users\alan\desktop\po-projekt\rdy\organizer\organizer\organizer\Callendar.hpp(215): note: consider using '%zd' in the format string
c:\users\alan\desktop\po-projekt\rdy\organizer\organizer\organizer\Callendar.hpp(215): warning C4477: 'printf' : format string '%4d' requires an argument of type 'int', but variadic argument 3 has type 'size_t'
  c:\users\alan\desktop\po-projekt\rdy\organizer\organizer\organizer\Callendar.hpp(215): note: consider using '%zd' in the format string
c:\users\alan\desktop\po-projekt\rdy\organizer\organizer\organizer\Callendar.hpp(220): warning C4477: 'printf' : format string '%d' requires an argument of type 'int', but variadic argument 1 has type 'size_t'
  c:\users\alan\desktop\po-projekt\rdy\organizer\organizer\organizer\Callendar.hpp(220): note: consider using '%zd' in the format string
c:\users\alan\desktop\po-projekt\rdy\organizer\organizer\organizer\Callendar.hpp(220): warning C4477: 'printf' : format string '%d' requires an argument of type 'int', but variadic argument 2 has type 'size_t'
  c:\users\alan\desktop\po-projekt\rdy\organizer\organizer\organizer\Callendar.hpp(220): note: consider using '%zd' in the format string
c:\users\alan\desktop\po-projekt\rdy\organizer\organizer\organizer\Callendar.hpp(220): warning C4477: 'printf' : format string '%4d' requires an argument of type 'int', but variadic argument 3 has type 'size_t'
  c:\users\alan\desktop\po-projekt\rdy\organizer\organizer\organizer\Callendar.hpp(220): note: consider using '%zd' in the format string
c:\users\alan\desktop\po-projekt\rdy\organizer\organizer\organizer\Callendar.hpp(223): warning C4477: 'printf' : format string '%d' requires an argument of type 'int', but variadic argument 1 has type 'size_t'
  c:\users\alan\desktop\po-projekt\rdy\organizer\organizer\organizer\Callendar.hpp(223): note: consider using '%zd' in the format string
c:\users\alan\desktop\po-projekt\rdy\organizer\organizer\organizer\Callendar.hpp(223): warning C4477: 'printf' : format string '%d' requires an argument of type 'int', but variadic argument 2 has type 'size_t'
  c:\users\alan\desktop\po-projekt\rdy\organizer\organizer\organizer\Callendar.hpp(223): note: consider using '%zd' in the format string
c:\users\alan\desktop\po-projekt\rdy\organizer\organizer\organizer\Callendar.hpp(223): warning C4477: 'printf' : format string '%4d' requires an argument of type 'int', but variadic argument 3 has type 'size_t'
  c:\users\alan\desktop\po-projekt\rdy\organizer\organizer\organizer\Callendar.hpp(223): note: consider using '%zd' in the format string
c:\users\alan\desktop\po-projekt\rdy\organizer\organizer\organizer\Callendar.hpp(228): warning C4477: 'printf' : format string '%d' requires an argument of type 'int', but variadic argument 1 has type 'size_t'
  c:\users\alan\desktop\po-projekt\rdy\organizer\organizer\organizer\Callendar.hpp(228): note: consider using '%zd' in the format string
c:\users\alan\desktop\po-projekt\rdy\organizer\organizer\organizer\Callendar.hpp(228): warning C4477: 'printf' : format string '%d' requires an argument of type 'int', but variadic argument 2 has type 'size_t'
  c:\users\alan\desktop\po-projekt\rdy\organizer\organizer\organizer\Callendar.hpp(228): note: consider using '%zd' in the format string
c:\users\alan\desktop\po-projekt\rdy\organizer\organizer\organizer\Callendar.hpp(231): warning C4477: 'printf' : format string '%d' requires an argument of type 'int', but variadic argument 1 has type 'size_t'
  c:\users\alan\desktop\po-projekt\rdy\organizer\organizer\organizer\Callendar.hpp(231): note: consider using '%zd' in the format string
c:\users\alan\desktop\po-projekt\rdy\organizer\organizer\organizer\Callendar.hpp(231): warning C4477: 'printf' : format string '%d' requires an argument of type 'int', but variadic argument 2 has type 'size_t'
  c:\users\alan\desktop\po-projekt\rdy\organizer\organizer\organizer\Callendar.hpp(231): note: consider using '%zd' in the format string
c:\users\alan\desktop\po-projekt\rdy\organizer\organizer\organizer\Callendar.hpp(236): warning C4477: 'printf' : format string '%d' requires an argument of type 'int', but variadic argument 1 has type 'size_t'
  c:\users\alan\desktop\po-projekt\rdy\organizer\organizer\organizer\Callendar.hpp(236): note: consider using '%zd' in the format string
c:\users\alan\desktop\po-projekt\rdy\organizer\organizer\organizer\Callendar.hpp(236): warning C4477: 'printf' : format string '%d' requires an argument of type 'int', but variadic argument 2 has type 'size_t'
  c:\users\alan\desktop\po-projekt\rdy\organizer\organizer\organizer\Callendar.hpp(236): note: consider using '%zd' in the format string
c:\users\alan\desktop\po-projekt\rdy\organizer\organizer\organizer\Callendar.hpp(239): warning C4477: 'printf' : format string '%d' requires an argument of type 'int', but variadic argument 1 has type 'size_t'
  c:\users\alan\desktop\po-projekt\rdy\organizer\organizer\organizer\Callendar.hpp(239): note: consider using '%zd' in the format string
c:\users\alan\desktop\po-projekt\rdy\organizer\organizer\organizer\Callendar.hpp(239): warning C4477: 'printf' : format string '%d' requires an argument of type 'int', but variadic argument 2 has type 'size_t'
  c:\users\alan\desktop\po-projekt\rdy\organizer\organizer\organizer\Callendar.hpp(239): note: consider using '%zd' in the format string
c:\users\alan\desktop\po-projekt\rdy\organizer\organizer\organizer\Callendar.hpp(307): warning C4267: '=': conversion from 'size_t' to 'int', possible loss of data
c:\users\alan\desktop\po-projekt\rdy\organizer\organizer\organizer\Callendar.hpp(316): warning C4267: '=': conversion from 'size_t' to 'int', possible loss of data
c:\users\alan\desktop\po-projekt\rdy\organizer\organizer\organizer\Callendar.hpp(352): warning C4267: '=': conversion from 'size_t' to 'int', possible loss of data
c:\users\alan\desktop\po-projekt\rdy\organizer\organizer\organizer\Callendar.hpp(362): warning C4267: '=': conversion from 'size_t' to 'int', possible loss of data
c:\users\alan\desktop\po-projekt\rdy\organizer\organizer\organizer\Callendar.hpp(373): warning C4267: '=': conversion from 'size_t' to 'int', possible loss of data
c:\users\alan\desktop\po-projekt\rdy\organizer\organizer\organizer\Callendar.hpp(524): warning C4267: '=': conversion from 'size_t' to 'int', possible loss of data
c:\users\alan\desktop\po-projekt\rdy\organizer\organizer\organizer\Callendar.hpp(533): warning C4267: '=': conversion from 'size_t' to 'int', possible loss of data
c:\users\alan\desktop\po-projekt\rdy\organizer\organizer\organizer\Callendar.hpp(425): warning C4474: 'printf' : too many arguments passed for format string
  c:\users\alan\desktop\po-projekt\rdy\organizer\organizer\organizer\Callendar.hpp(425): note: placeholders and their parameters expect 1 variadic arguments, but 2 were provided
c:\users\alan\desktop\po-projekt\rdy\organizer\organizer\organizer\MainMenu_View.hpp(37): warning C4267: '=': conversion from 'size_t' to 'int', possible loss of data
  Generating code
  6 of 365 functions ( 1.6%) were compiled, the rest were copied from previous compilation.
    0 functions were new in current compilation
    3 functions had inline decision re-evaluated but remain unchanged
  Finished generating code
  Organizer.vcxproj -> C:\Users\Alan\Desktop\PO-PROJEKT\RDY\Organizer\Organizer\x64\Release\Organizer.exe
